<?xml version="1.0" encoding="UTF-8"?>
<testsuite name="CalcTTest" tests="1" skipped="0" failures="0" errors="0" timestamp="2022-05-26T16:08:36" hostname="CEGG-PC" time="0.027">
  <properties/>
  <testcase name="root()" classname="CalcTTest" time="0.027"/>
  <system-out><![CDATA[]]></system-out>
  <system-err><![CDATA[]]></system-err>
</testsuite>
